<?xml version="1.0" encoding="UTF-8"?>
<!-- Generated by org.testng.reporters.JUnitReportReporter -->
<testsuite hostname="DELL-PC" name="com.myid.albumtest.Demo4" tests="6" failures="0" timestamp="30 Sep 2016 08:46:59 GMT" time="187.963" errors="0">
  <testcase name="yunaddphoto" time="40.063" classname="com.myid.albumtest.Demo4"/>
  <testcase name="yunphoto" time="28.610" classname="com.myid.albumtest.Demo4"/>
  <testcase name="localphoto" time="71.637" classname="com.myid.albumtest.Demo4"/>
  <testcase name="login" time="21.519" classname="com.myid.albumtest.Demo4"/>
  <testcase name="yundelphoto" time="26.076" classname="com.myid.albumtest.Demo4"/>
  <testcase name="waitLaunch" time="0.058" classname="com.myid.albumtest.Demo4"/>
</testsuite> <!-- com.myid.albumtest.Demo4 -->
