<?xml version="1.0" encoding="UTF-8"?>
<!-- Generated by org.testng.reporters.JUnitReportReporter -->
<testsuite hostname="DELL-PC" name="test.TestDemo3" tests="6" failures="0" timestamp="24 Sep 2016 10:04:14 GMT" time="59.583" errors="0">
  <testcase name="download" time="15.393" classname="test.TestDemo3"/>
  <testcase name="cloudalbum" time="1.483" classname="test.TestDemo3"/>
  <testcase name="login" time="24.664" classname="test.TestDemo3"/>
  <testcase name="waitLaunch" time="0.098" classname="test.TestDemo3"/>
  <testcase name="getpics" time="3.914" classname="test.TestDemo3"/>
  <testcase name="download" time="14.031" classname="test.TestDemo3"/>
</testsuite> <!-- test.TestDemo3 -->
