<?xml version="1.0" encoding="UTF-8"?>
<!-- Generated by org.testng.reporters.JUnitReportReporter -->
<testsuite hostname="DELL-PC" name="com.myid.albumtest.UploadAlbum" tests="1" failures="0" timestamp="22 Sep 2016 06:37:25 GMT" time="48.522" errors="0">
  <testcase name="firstDemo" time="48.522" classname="com.myid.albumtest.UploadAlbum"/>
</testsuite> <!-- com.myid.albumtest.UploadAlbum -->
